#
# There is insufficient memory for the Java Runtime Environment to continue.
# Native memory allocation (mmap) failed to map 132120576 bytes for G1 virtual space
# Possible reasons:
#   The system is out of physical RAM or swap space
#   The process is running with CompressedOops enabled, and the Java Heap may be blocking the growth of the native heap
# Possible solutions:
#   Reduce memory load on the system
#   Increase physical memory or swap space
#   Check if swap backing store is full
#   Decrease Java heap size (-Xmx/-Xms)
#   Decrease number of Java threads
#   Decrease Java thread stack sizes (-Xss)
#   Set larger code cache with -XX:ReservedCodeCacheSize=
#   JVM is running with Unscaled Compressed Oops mode in which the Java heap is
#     placed in the first 4GB address space. The Java Heap base address is the
#     maximum limit for the native heap growth. Please use -XX:HeapBaseMinAddress
#     to set the Java Heap base and to place the Java Heap above 4GB virtual address.
# This output file may be truncated or incomplete.
#
#  Out of Memory Error (os_windows.cpp:3548), pid=19684, tid=19476
#
# JRE version:  (17.0.12+8) (build )
# Java VM: Java HotSpot(TM) 64-Bit Server VM (17.0.12+8-LTS-286, mixed mode, emulated-client, sharing, tiered, compressed oops, compressed class ptrs, g1 gc, windows-amd64)
# No core dump will be written. Minidumps are not enabled by default on client versions of Windows
#

---------------  S U M M A R Y ------------

Command Line: -XX:TieredStopAtLevel=1 -Dspring.output.ansi.enabled=always -Dcom.sun.management.jmxremote -Dspring.jmx.enabled=true -Dspring.liveBeansView.mbeanDomain -Dspring.application.admin.enabled=true -Dmanagement.endpoints.jmx.exposure.include=* -javaagent:C:\Program Files\JetBrains\IntelliJ IDEA 2025.3.1\lib\idea_rt.jar=52844 -Dfile.encoding=UTF-8 com.example.ramazan.RamazanApplication

Host: Intel(R) Core(TM) i3-1005G1 CPU @ 1.20GHz, 4 cores, 7G,  Windows 11 , 64 bit Build 26100 (10.0.26100.7705)
Time: Wed Feb 18 15:15:05 2026 Azerbaijan Standard Time elapsed time: 0.047997 seconds (0d 0h 0m 0s)

---------------  T H R E A D  ---------------

Current thread (0x000001ad644a7020):  JavaThread "Unknown thread" [_thread_in_vm, id=19476, stack(0x0000002526400000,0x0000002526500000)]

Stack: [0x0000002526400000,0x0000002526500000]
Native frames: (J=compiled Java code, j=interpreted, Vv=VM code, C=native code)
V  [jvm.dll+0x67a04a]
V  [jvm.dll+0x7da4ed]
V  [jvm.dll+0x7dbe33]
V  [jvm.dll+0x7dc4a3]
V  [jvm.dll+0x24508f]
V  [jvm.dll+0x677089]
V  [jvm.dll+0x66bd32]
V  [jvm.dll+0x301fa6]
V  [jvm.dll+0x309546]
V  [jvm.dll+0x359d2e]
V  [jvm.dll+0x359f5f]
V  [jvm.dll+0x2d9078]
V  [jvm.dll+0x2d9fe4]
V  [jvm.dll+0x7aca21]
V  [jvm.dll+0x367591]
V  [jvm.dll+0x78b999]
V  [jvm.dll+0x3ec83f]
V  [jvm.dll+0x3ee471]
C  [jli.dll+0x5297]
C  [ucrtbase.dll+0x37b0]
C  [KERNEL32.DLL+0x2e8d7]
C  [ntdll.dll+0x8c40c]


---------------  P R O C E S S  ---------------

Threads class SMR info:
_java_thread_list=0x00007ff8043f7a18, length=0, elements={
}

Java Threads: ( => current thread )

Other Threads:
  0x000001ad64501a00 GCTaskThread "GC Thread#0" [stack: 0x0000002526500000,0x0000002526600000] [id=8856]
  0x000001ad64512290 ConcurrentGCThread "G1 Main Marker" [stack: 0x0000002526600000,0x0000002526700000] [id=2452]
  0x000001ad64512ca0 ConcurrentGCThread "G1 Conc#0" [stack: 0x0000002526700000,0x0000002526800000] [id=19636]

[error occurred during error reporting (printing all threads), id 0xc0000005, EXCEPTION_ACCESS_VIOLATION (0xc0000005) at pc=0x00007ff803c29b67]

VM state: not at safepoint (not fully initialized)

VM Mutex/Monitor currently owned by a thread:  ([mutex/lock_event])
[0x000001ad644a3220] Heap_lock - owner thread: 0x000001ad644a7020

Heap address: 0x0000000083600000, size: 1994 MB, Compressed Oops mode: 32-bit

CDS archive(s) mapped at: [0x0000000000000000-0x0000000000000000-0x0000000000000000), size 0, SharedBaseAddress: 0x0000000800000000, ArchiveRelocationMode: 1.
Narrow klass base: 0x0000000000000000, Narrow klass shift: 0, Narrow klass range: 0x0

GC Precious Log:
<Empty>

Heap:
 garbage-first heap   total 0K, used 0K [0x0000000083600000, 0x0000000100000000)
  region size 1024K, 0 young (0K), 0 survivors (0K)

[error occurred during error reporting (printing heap information), id 0xc0000005, EXCEPTION_ACCESS_VIOLATION (0xc0000005) at pc=0x00007ff804013859]

GC Heap History (0 events):
No events

Deoptimization events (0 events):
No events

Classes unloaded (0 events):
No events

Classes redefined (0 events):
No events

Internal exceptions (0 events):
No events

VM Operations (0 events):
No events

Events (1 events):
Event: 0.038 Loaded shared library C:\Program Files\Java\jdk-17\bin\java.dll


Dynamic libraries:
0x00007ff7b5de0000 - 0x00007ff7b5df0000 	C:\Program Files\Java\jdk-17\bin\java.exe
0x00007ff8673e0000 - 0x00007ff867648000 	C:\Windows\SYSTEM32\ntdll.dll
0x00007ff865df0000 - 0x00007ff865eb9000 	C:\Windows\System32\KERNEL32.DLL
0x00007ff864950000 - 0x00007ff864d41000 	C:\Windows\System32\KERNELBASE.dll
0x00007ff8646d0000 - 0x00007ff86481b000 	C:\Windows\System32\ucrtbase.dll
0x00007ff8578f0000 - 0x00007ff85790b000 	C:\Program Files\Java\jdk-17\bin\VCRUNTIME140.dll
0x00007ff857c90000 - 0x00007ff857ca9000 	C:\Program Files\Java\jdk-17\bin\jli.dll
0x00007ff8670c0000 - 0x00007ff867174000 	C:\Windows\System32\ADVAPI32.dll
0x00007ff865ae0000 - 0x00007ff865b89000 	C:\Windows\System32\msvcrt.dll
0x00007ff867180000 - 0x00007ff867226000 	C:\Windows\System32\sechost.dll
0x00007ff866c50000 - 0x00007ff866d68000 	C:\Windows\System32\RPCRT4.dll
0x00007ff865b90000 - 0x00007ff865d56000 	C:\Windows\System32\USER32.dll
0x00007ff863d70000 - 0x00007ff863d97000 	C:\Windows\System32\win32u.dll
0x00007ff866f90000 - 0x00007ff866fbb000 	C:\Windows\System32\GDI32.dll
0x00007ff864820000 - 0x00007ff86494b000 	C:\Windows\System32\gdi32full.dll
0x00007ff864d50000 - 0x00007ff864df3000 	C:\Windows\System32\msvcp_win.dll
0x00007ff844af0000 - 0x00007ff844d83000 	C:\Windows\WinSxS\amd64_microsoft.windows.common-controls_6595b64144ccf1df_6.0.26100.7824_none_3e0870b2e3345462\COMCTL32.dll
0x00007ff854f70000 - 0x00007ff854f7b000 	C:\Windows\SYSTEM32\VERSION.dll
0x00007ff866470000 - 0x00007ff8664a1000 	C:\Windows\System32\IMM32.DLL
0x00007ff857c80000 - 0x00007ff857c8c000 	C:\Program Files\Java\jdk-17\bin\vcruntime140_1.dll
0x00007ff8351e0000 - 0x00007ff83526e000 	C:\Program Files\Java\jdk-17\bin\msvcp140.dll
0x00007ff803940000 - 0x00007ff804520000 	C:\Program Files\Java\jdk-17\bin\server\jvm.dll
0x00007ff8664e0000 - 0x00007ff8664e8000 	C:\Windows\System32\PSAPI.DLL
0x00007ff8578e0000 - 0x00007ff8578ea000 	C:\Windows\SYSTEM32\WSOCK32.dll
0x00007ff8653c0000 - 0x00007ff865434000 	C:\Windows\System32\WS2_32.dll
0x00007ff853dd0000 - 0x00007ff853e05000 	C:\Windows\SYSTEM32\WINMM.dll
0x00007ff862a20000 - 0x00007ff862a3b000 	C:\Windows\SYSTEM32\kernel.appcore.dll
0x00007ff8578d0000 - 0x00007ff8578da000 	C:\Program Files\Java\jdk-17\bin\jimage.dll
0x00007ff84cc50000 - 0x00007ff84ce92000 	C:\Windows\SYSTEM32\DBGHELP.DLL
0x00007ff865740000 - 0x00007ff865ac6000 	C:\Windows\System32\combase.dll
0x00007ff8652e0000 - 0x00007ff8653b7000 	C:\Windows\System32\OLEAUT32.dll
0x00007ff851830000 - 0x00007ff85186b000 	C:\Windows\SYSTEM32\dbgcore.DLL
0x00007ff863cc0000 - 0x00007ff863d65000 	C:\Windows\System32\bcryptPrimitives.dll
0x00007ff857680000 - 0x00007ff85768e000 	C:\Program Files\Java\jdk-17\bin\instrument.dll
0x00007ff84e840000 - 0x00007ff84e865000 	C:\Program Files\Java\jdk-17\bin\java.dll

dbghelp: loaded successfully - version: 4.0.5 - missing functions: none
symbol engine: initialized successfully - sym options: 0x614 - pdb path: .;C:\Program Files\Java\jdk-17\bin;C:\Windows\SYSTEM32;C:\Windows\WinSxS\amd64_microsoft.windows.common-controls_6595b64144ccf1df_6.0.26100.7824_none_3e0870b2e3345462;C:\Program Files\Java\jdk-17\bin\server

VM Arguments:
jvm_args: -XX:TieredStopAtLevel=1 -Dspring.output.ansi.enabled=always -Dcom.sun.management.jmxremote -Dspring.jmx.enabled=true -Dspring.liveBeansView.mbeanDomain -Dspring.application.admin.enabled=true -Dmanagement.endpoints.jmx.exposure.include=* -javaagent:C:\Program Files\JetBrains\IntelliJ IDEA 2025.3.1\lib\idea_rt.jar=52844 -Dfile.encoding=UTF-8 
java_command: com.example.ramazan.RamazanApplication
java_class_path (initial): C:\Users\eliab\IdeaProjects\iftaraz-backendmobile\Ramazan\build\classes\java\main;C:\Users\eliab\IdeaProjects\iftaraz-backendmobile\Ramazan\build\resources\main;C:\Users\eliab\.gradle\caches\modules-2\files-2.1\org.springframework.boot\spring-boot-configuration-processor\4.0.2\5ff5e4fb5a9666b756a3111a41b194fe4f3793f2\spring-boot-configuration-processor-4.0.2.jar;C:\Users\eliab\.gradle\caches\modules-2\files-2.1\org.projectlombok\lombok\1.18.32\17d46b3e205515e1e8efd3ee4d57ce8018914163\lombok-1.18.32.jar;C:\Users\eliab\.gradle\caches\modules-2\files-2.1\org.mapstruct\mapstruct-processor\1.5.5.Final\897f6f115930b936287bef552bf5fe28cc64717d\mapstruct-processor-1.5.5.Final.jar;C:\Users\eliab\.gradle\caches\modules-2\files-2.1\org.springframework.modulith\spring-modulith-starter-core\2.0.2\826fec4f1228d34a5823f83e912b63edf4e83b5d\spring-modulith-starter-core-2.0.2.jar;C:\Users\eliab\.gradle\caches\modules-2\files-2.1\org.springframework.boot\spring-boot-starter-web\4.0.2\f4d2d262fd44b65469a1eb1e16717fb7680b16d9\spring-boot-starter-web-4.0.2.jar;C:\Users\eliab\.gradle\caches\modules-2\files-2.1\org.springframework.boot\spring-boot-starter-data-jpa\4.0.2\9a0d38da3839a394509639490e6b9a359bfafdd6\spring-boot-starter-data-jpa-4.0.2.jar;C:\Users\eliab\.gradle\caches\modules-2\files-2.1\org.liquibase\liquibase-core\5.0.1\1e4e697eaf3baaff887fb7e45acf4a01bb770bad\liquibase-core-5.0.1.jar;C:\Users\eliab\.gradle\caches\modules-2\files-2.1\org.springdoc\springdoc-openapi-starter-webmvc-ui\2.7.0\4426174e7fa7428a1c5f2edbd352c89e3e6b9794\springdoc-openapi-starter-webmvc-ui-2.7.0.jar;C:\Users\eliab\.gradle\caches\modules-2\files-2.1\org.mapstruct\mapstruct\1.5.5.Final\2ca3cbe39b6e9ea8d5ea521965a89bef2a1e8eeb\mapstruct-1.5.5.Final.jar;C:\Users\eliab\.gradle\caches\modules-2\files-2.1\com.google.firebase\firebase-admin\9.2.0\92f5b2f4da778efcd82c9421a0eccae70b11030c\firebase-admin-9.2.0.jar;C:\Users\eliab\.gradle\caches\modules-2\files-2.1\com.netflix.graphql.dg
Launcher Type: SUN_STANDARD

[Global flags]
     intx CICompilerCount                          = 3                                         {product} {ergonomic}
     uint ConcGCThreads                            = 1                                         {product} {ergonomic}
     uint G1ConcRefinementThreads                  = 4                                         {product} {ergonomic}
   size_t G1HeapRegionSize                         = 1048576                                   {product} {ergonomic}
    uintx GCDrainStackTargetSize                   = 64                                        {product} {ergonomic}
   size_t InitialHeapSize                          = 132120576                                 {product} {ergonomic}
     bool ManagementServer                         = true                                      {product} {command line}
   size_t MarkStackSize                            = 4194304                                   {product} {ergonomic}
   size_t MaxHeapSize                              = 2090860544                                {product} {ergonomic}
   size_t MinHeapDeltaBytes                        = 1048576                                   {product} {ergonomic}
   size_t MinHeapSize                              = 8388608                                   {product} {ergonomic}
    uintx NonProfiledCodeHeapSize                  = 0                                      {pd product} {ergonomic}
     bool ProfileInterpreter                       = false                                  {pd product} {command line}
    uintx ProfiledCodeHeapSize                     = 0                                      {pd product} {ergonomic}
   size_t SoftMaxHeapSize                          = 2090860544                             {manageable} {ergonomic}
     intx TieredStopAtLevel                        = 1                                         {product} {command line}
     bool UseCompressedClassPointers               = true                           {product lp64_product} {ergonomic}
     bool UseCompressedOops                        = true                           {product lp64_product} {ergonomic}
     bool UseG1GC                                  = true                                      {product} {ergonomic}
     bool UseLargePagesIndividualAllocation        = false                                  {pd product} {ergonomic}

Logging:
Log output configuration:
 #0: stdout all=warning uptime,level,tags
 #1: stderr all=off uptime,level,tags

Environment Variables:
PATH=C:\Program Files\Common Files\Oracle\Java\javapath;C:\Program Files (x86)\Common Files\Oracle\Java\java8path;C:\Program Files (x86)\Common Files\Oracle\Java\javapath;C:\Windows\system32;C:\Windows;C:\Windows\System32\Wbem;C:\Windows\System32\WindowsPowerShell\v1.0\;C:\Windows\System32\OpenSSH\;C:\Program Files\dotnet\;C:\Program Files\MySQL\MySQL Server 8.0\bin;C:\Program Files\Git\cmd;C:\Program Files\Docker\Docker\resources\bin;C:\Users\eliab\AppData\Local\Microsoft\WindowsApps;C:\Users\eliab\AppData\Local\Programs\Microsoft VS Code\bin;C:\Program Files\JetBrains\IntelliJ IDEA 2025.3.1\bin
USERNAME=Rayide
OS=Windows_NT
PROCESSOR_IDENTIFIER=Intel64 Family 6 Model 126 Stepping 5, GenuineIntel



---------------  S Y S T E M  ---------------

OS:
 Windows 11 , 64 bit Build 26100 (10.0.26100.7705)
OS uptime: 0 days 0:17 hours
Hyper-V role detected

CPU: total 4 (initial active 4) (2 cores per cpu, 2 threads per core) family 6 model 126 stepping 5 microcode 0xa0, cx8, cmov, fxsr, ht, mmx, 3dnowpref, sse, sse2, sse3, ssse3, sse4.1, sse4.2, popcnt, lzcnt, tsc, tscinvbit, avx, avx2, aes, erms, clmul, bmi1, bmi2, adx, avx512f, avx512dq, avx512cd, avx512bw, avx512vl, sha, fma, vzeroupper, avx512_vpopcntdq, avx512_vpclmulqdq, avx512_vaes, avx512_vnni, clflush, clflushopt, avx512_vbmi2, avx512_vbmi, hv

Memory: 4k page, system-wide physical 7969M (859M free)
TotalPageFile size 12873M (AvailPageFile size 58M)
current process WorkingSet (physical memory assigned to process): 13M, peak: 13M
current process commit charge ("private bytes"): 47M, peak: 173M

vm_info: Java HotSpot(TM) 64-Bit Server VM (17.0.12+8-LTS-286) for windows-amd64 JRE (17.0.12+8-LTS-286), built on Jun  5 2024 06:46:59 by "mach5one" with MS VC++ 17.6 (VS2022)

END.
